<?xml version="1.0" encoding="UTF-8"?>
<coverage generated="1785024429904" clover="3.2.0">
  <project timestamp="1785024429905" name="All files">
    <metrics statements="226" coveredstatements="224" conditionals="62" coveredconditionals="60" methods="69" coveredmethods="69" elements="357" coveredelements="353" complexity="0" loc="226" ncloc="226" packages="5" files="10" classes="10"/>
    <package name="application.use-cases">
      <metrics statements="78" coveredstatements="76" conditionals="17" coveredconditionals="15" methods="5" coveredmethods="5"/>
      <file name="confirm-payment.use-case.ts" path="C:\Users\johan\OneDrive\Documentos\product-checkout-service\backend\src\application\use-cases\confirm-payment.use-case.ts">
        <metrics statements="44" coveredstatements="43" conditionals="12" coveredconditionals="11" methods="3" coveredmethods="3"/>
        <line num="1" count="1" type="stmt"/>
        <line num="2" count="1" type="stmt"/>
        <line num="3" count="1" type="stmt"/>
        <line num="4" count="1" type="stmt"/>
        <line num="12" count="1" type="stmt"/>
        <line num="24" count="1" type="stmt"/>
        <line num="27" count="9" type="stmt"/>
        <line num="28" count="9" type="stmt"/>
        <line num="29" count="9" type="stmt"/>
        <line num="30" count="9" type="stmt"/>
        <line num="35" count="9" type="stmt"/>
        <line num="36" count="9" type="cond" truecount="1" falsecount="0"/>
        <line num="37" count="1" type="stmt"/>
        <line num="41" count="8" type="cond" truecount="1" falsecount="0"/>
        <line num="43" count="1" type="stmt"/>
        <line num="50" count="7" type="stmt"/>
        <line num="51" count="7" type="cond" truecount="1" falsecount="0"/>
        <line num="52" count="1" type="stmt"/>
        <line num="58" count="6" type="stmt"/>
        <line num="59" count="6" type="cond" truecount="1" falsecount="0"/>
        <line num="60" count="1" type="stmt"/>
        <line num="64" count="5" type="stmt"/>
        <line num="72" count="5" type="cond" truecount="1" falsecount="0"/>
        <line num="73" count="1" type="stmt"/>
        <line num="75" count="4" type="stmt"/>
        <line num="79" count="4" type="cond" truecount="2" falsecount="0"/>
        <line num="83" count="4" type="stmt"/>
        <line num="88" count="4" type="cond" truecount="0" falsecount="1"/>
        <line num="89" count="0" type="stmt"/>
        <line num="91" count="4" type="stmt"/>
        <line num="92" count="4" type="stmt"/>
        <line num="95" count="4" type="cond" truecount="1" falsecount="0"/>
        <line num="96" count="3" type="stmt"/>
        <line num="97" count="3" type="cond" truecount="1" falsecount="0"/>
        <line num="98" count="1" type="stmt"/>
        <line num="102" count="2" type="stmt"/>
        <line num="103" count="2" type="cond" truecount="1" falsecount="0"/>
        <line num="108" count="1" type="stmt"/>
        <line num="114" count="1" type="stmt"/>
        <line num="117" count="2" type="stmt"/>
        <line num="124" count="2" type="stmt"/>
        <line num="129" count="2" type="cond" truecount="1" falsecount="0"/>
        <line num="130" count="2" type="stmt"/>
        <line num="132" count="2" type="stmt"/>
      </file>
      <file name="create-transaction.use-case.ts" path="C:\Users\johan\OneDrive\Documentos\product-checkout-service\backend\src\application\use-cases\create-transaction.use-case.ts">
        <metrics statements="34" coveredstatements="33" conditionals="5" coveredconditionals="4" methods="2" coveredmethods="2"/>
        <line num="1" count="1" type="stmt"/>
        <line num="2" count="1" type="stmt"/>
        <line num="3" count="1" type="stmt"/>
        <line num="4" count="1" type="stmt"/>
        <line num="5" count="1" type="stmt"/>
        <line num="6" count="1" type="stmt"/>
        <line num="7" count="1" type="stmt"/>
        <line num="19" count="1" type="stmt"/>
        <line num="46" count="1" type="stmt"/>
        <line num="48" count="5" type="stmt"/>
        <line num="49" count="5" type="stmt"/>
        <line num="50" count="5" type="stmt"/>
        <line num="52" count="5" type="stmt"/>
        <line num="60" count="5" type="stmt"/>
        <line num="61" count="5" type="cond" truecount="1" falsecount="0"/>
        <line num="62" count="1" type="stmt"/>
        <line num="64" count="4" type="cond" truecount="1" falsecount="0"/>
        <line num="65" count="1" type="stmt"/>
        <line num="73" count="3" type="stmt"/>
        <line num="77" count="3" type="cond" truecount="1" falsecount="0"/>
        <line num="78" count="1" type="stmt"/>
        <line num="80" count="2" type="stmt"/>
        <line num="83" count="2" type="stmt"/>
        <line num="92" count="2" type="cond" truecount="0" falsecount="1"/>
        <line num="93" count="0" type="stmt"/>
        <line num="95" count="2" type="stmt"/>
        <line num="98" count="2" type="stmt"/>
        <line num="104" count="2" type="cond" truecount="1" falsecount="0"/>
        <line num="105" count="1" type="stmt"/>
        <line num="107" count="1" type="stmt"/>
        <line num="111" count="1" type="stmt"/>
        <line num="112" count="1" type="stmt"/>
        <line num="113" count="1" type="stmt"/>
        <line num="115" count="1" type="stmt"/>
      </file>
    </package>
    <package name="domain.entities">
      <metrics statements="95" coveredstatements="95" conditionals="36" coveredconditionals="36" methods="43" coveredmethods="43"/>
      <file name="customer.entity.ts" path="C:\Users\johan\OneDrive\Documentos\product-checkout-service\backend\src\domain\entities\customer.entity.ts">
        <metrics statements="19" coveredstatements="19" conditionals="10" coveredconditionals="10" methods="8" coveredmethods="8"/>
        <line num="1" count="2" type="stmt"/>
        <line num="11" count="2" type="stmt"/>
        <line num="13" count="2" type="stmt"/>
        <line num="14" count="5" type="stmt"/>
        <line num="17" count="14" type="cond" truecount="3" falsecount="0"/>
        <line num="18" count="2" type="stmt"/>
        <line num="22" count="12" type="cond" truecount="1" falsecount="0"/>
        <line num="23" count="3" type="stmt"/>
        <line num="25" count="9" type="cond" truecount="3" falsecount="0"/>
        <line num="26" count="2" type="stmt"/>
        <line num="28" count="7" type="cond" truecount="3" falsecount="0"/>
        <line num="29" count="2" type="stmt"/>
        <line num="31" count="5" type="stmt"/>
        <line num="35" count="3" type="stmt"/>
        <line num="38" count="2" type="stmt"/>
        <line num="41" count="1" type="stmt"/>
        <line num="44" count="1" type="stmt"/>
        <line num="47" count="1" type="stmt"/>
        <line num="51" count="1" type="stmt"/>
      </file>
      <file name="delivery.entity.ts" path="C:\Users\johan\OneDrive\Documentos\product-checkout-service\backend\src\domain\entities\delivery.entity.ts">
        <metrics statements="20" coveredstatements="20" conditionals="10" coveredconditionals="10" methods="10" coveredmethods="10"/>
        <line num="1" count="2" type="stmt"/>
        <line num="13" count="2" type="stmt"/>
        <line num="14" count="5" type="stmt"/>
        <line num="17" count="13" type="cond" truecount="3" falsecount="0"/>
        <line num="18" count="2" type="stmt"/>
        <line num="20" count="11" type="cond" truecount="3" falsecount="0"/>
        <line num="21" count="3" type="stmt"/>
        <line num="23" count="8" type="cond" truecount="3" falsecount="0"/>
        <line num="24" count="2" type="stmt"/>
        <line num="26" count="6" type="cond" truecount="1" falsecount="0"/>
        <line num="27" count="1" type="stmt"/>
        <line num="29" count="5" type="stmt"/>
        <line num="33" count="1" type="stmt"/>
        <line num="36" count="1" type="stmt"/>
        <line num="39" count="1" type="stmt"/>
        <line num="42" count="2" type="stmt"/>
        <line num="45" count="1" type="stmt"/>
        <line num="48" count="2" type="stmt"/>
        <line num="51" count="2" type="stmt"/>
        <line num="55" count="1" type="stmt"/>
      </file>
      <file name="product.entity.ts" path="C:\Users\johan\OneDrive\Documentos\product-checkout-service\backend\src\domain\entities\product.entity.ts">
        <metrics statements="23" coveredstatements="23" conditionals="7" coveredconditionals="7" methods="11" coveredmethods="11"/>
        <line num="1" count="3" type="stmt"/>
        <line num="16" count="3" type="stmt"/>
        <line num="17" count="21" type="stmt"/>
        <line num="20" count="26" type="cond" truecount="3" falsecount="0"/>
        <line num="21" count="2" type="stmt"/>
        <line num="23" count="24" type="cond" truecount="1" falsecount="0"/>
        <line num="24" count="2" type="stmt"/>
        <line num="28" count="22" type="cond" truecount="1" falsecount="0"/>
        <line num="29" count="1" type="stmt"/>
        <line num="31" count="21" type="stmt"/>
        <line num="35" count="3" type="stmt"/>
        <line num="39" count="1" type="stmt"/>
        <line num="43" count="1" type="stmt"/>
        <line num="47" count="3" type="stmt"/>
        <line num="51" count="6" type="stmt"/>
        <line num="55" count="2" type="stmt"/>
        <line num="59" count="12" type="stmt"/>
        <line num="64" count="7" type="cond" truecount="1" falsecount="0"/>
        <line num="65" count="2" type="stmt"/>
        <line num="67" count="5" type="cond" truecount="1" falsecount="0"/>
        <line num="68" count="2" type="stmt"/>
        <line num="74" count="3" type="stmt"/>
        <line num="78" count="1" type="stmt"/>
      </file>
      <file name="transaction.entity.ts" path="C:\Users\johan\OneDrive\Documentos\product-checkout-service\backend\src\domain\entities\transaction.entity.ts">
        <metrics statements="33" coveredstatements="33" conditionals="9" coveredconditionals="9" methods="14" coveredmethods="14"/>
        <line num="1" count="3" type="stmt"/>
        <line num="3" count="3" type="cond" truecount="2" falsecount="0"/>
        <line num="4" count="3" type="stmt"/>
        <line num="5" count="3" type="stmt"/>
        <line num="6" count="3" type="stmt"/>
        <line num="7" count="3" type="stmt"/>
        <line num="27" count="3" type="stmt"/>
        <line num="38" count="3" type="stmt"/>
        <line num="39" count="38" type="stmt"/>
        <line num="44" count="28" type="cond" truecount="1" falsecount="0"/>
        <line num="45" count="2" type="stmt"/>
        <line num="47" count="26" type="cond" truecount="1" falsecount="0"/>
        <line num="48" count="1" type="stmt"/>
        <line num="50" count="25" type="cond" truecount="3" falsecount="0"/>
        <line num="51" count="2" type="stmt"/>
        <line num="53" count="23" type="stmt"/>
        <line num="54" count="23" type="stmt"/>
        <line num="65" count="1" type="stmt"/>
        <line num="69" count="9" type="stmt"/>
        <line num="72" count="7" type="stmt"/>
        <line num="75" count="9" type="stmt"/>
        <line num="78" count="3" type="stmt"/>
        <line num="81" count="19" type="stmt"/>
        <line num="84" count="3" type="stmt"/>
        <line num="88" count="6" type="stmt"/>
        <line num="106" count="17" type="cond" truecount="1" falsecount="0"/>
        <line num="107" count="1" type="stmt"/>
        <line num="111" count="16" type="stmt"/>
        <line num="112" count="16" type="cond" truecount="1" falsecount="0"/>
        <line num="113" count="2" type="stmt"/>
        <line num="119" count="14" type="stmt"/>
        <line num="131" count="7" type="stmt"/>
        <line num="135" count="1" type="stmt"/>
      </file>
    </package>
    <package name="domain.ports">
      <metrics statements="5" coveredstatements="5" conditionals="0" coveredconditionals="0" methods="0" coveredmethods="0"/>
      <file name="payment-gateway.port.ts" path="C:\Users\johan\OneDrive\Documentos\product-checkout-service\backend\src\domain\ports\payment-gateway.port.ts">
        <metrics statements="1" coveredstatements="1" conditionals="0" coveredconditionals="0" methods="0" coveredmethods="0"/>
        <line num="3" count="1" type="stmt"/>
      </file>
      <file name="repositories.port.ts" path="C:\Users\johan\OneDrive\Documentos\product-checkout-service\backend\src\domain\ports\repositories.port.ts">
        <metrics statements="4" coveredstatements="4" conditionals="0" coveredconditionals="0" methods="0" coveredmethods="0"/>
        <line num="6" count="2" type="stmt"/>
        <line num="7" count="2" type="stmt"/>
        <line num="8" count="2" type="stmt"/>
        <line num="9" count="2" type="stmt"/>
      </file>
    </package>
    <package name="domain.shared">
      <metrics statements="39" coveredstatements="39" conditionals="7" coveredconditionals="7" methods="19" coveredmethods="19"/>
      <file name="result.ts" path="C:\Users\johan\OneDrive\Documentos\product-checkout-service\backend\src\domain\shared\result.ts">
        <metrics statements="39" coveredstatements="39" conditionals="7" coveredconditionals="7" methods="19" coveredmethods="19"/>
        <line num="13" count="7" type="stmt"/>
        <line num="15" count="143" type="stmt"/>
        <line num="16" count="143" type="stmt"/>
        <line num="17" count="143" type="stmt"/>
        <line num="21" count="88" type="stmt"/>
        <line num="25" count="55" type="stmt"/>
        <line num="29" count="25" type="stmt"/>
        <line num="33" count="77" type="stmt"/>
        <line num="38" count="91" type="cond" truecount="1" falsecount="0"/>
        <line num="39" count="1" type="stmt"/>
        <line num="43" count="90" type="stmt"/>
        <line num="47" count="54" type="cond" truecount="1" falsecount="0"/>
        <line num="48" count="1" type="stmt"/>
        <line num="50" count="53" type="stmt"/>
        <line num="55" count="2" type="cond" truecount="1" falsecount="0"/>
        <line num="56" count="1" type="stmt"/>
        <line num="63" count="2" type="cond" truecount="1" falsecount="0"/>
        <line num="64" count="1" type="stmt"/>
        <line num="69" count="2" type="cond" truecount="1" falsecount="0"/>
        <line num="70" count="1" type="stmt"/>
        <line num="74" count="7" type="cond" truecount="2" falsecount="0"/>
        <line num="75" count="7" type="stmt"/>
        <line num="76" count="7" type="stmt"/>
        <line num="77" count="7" type="stmt"/>
        <line num="78" count="7" type="stmt"/>
        <line num="79" count="7" type="stmt"/>
        <line num="80" count="7" type="stmt"/>
        <line num="81" count="7" type="stmt"/>
        <line num="84" count="7" type="stmt"/>
        <line num="86" count="55" type="stmt"/>
        <line num="87" count="55" type="stmt"/>
        <line num="88" count="55" type="stmt"/>
        <line num="92" count="32" type="stmt"/>
        <line num="96" count="6" type="stmt"/>
        <line num="100" count="5" type="stmt"/>
        <line num="104" count="2" type="stmt"/>
        <line num="112" count="3" type="stmt"/>
        <line num="116" count="5" type="stmt"/>
        <line num="120" count="2" type="stmt"/>
      </file>
    </package>
    <package name="infrastructure.payment.gateway">
      <metrics statements="9" coveredstatements="9" conditionals="2" coveredconditionals="2" methods="2" coveredmethods="2"/>
      <file name="payment-gateway.utils.ts" path="C:\Users\johan\OneDrive\Documentos\product-checkout-service\backend\src\infrastructure\payment\gateway\payment-gateway.utils.ts">
        <metrics statements="9" coveredstatements="9" conditionals="2" coveredconditionals="2" methods="2" coveredmethods="2"/>
        <line num="1" count="1" type="stmt"/>
        <line num="7" count="1" type="stmt"/>
        <line num="13" count="3" type="stmt"/>
        <line num="14" count="3" type="stmt"/>
        <line num="18" count="1" type="stmt"/>
        <line num="19" count="3" type="stmt"/>
        <line num="20" count="3" type="cond" truecount="1" falsecount="0"/>
        <line num="21" count="2" type="cond" truecount="1" falsecount="0"/>
        <line num="22" count="1" type="stmt"/>
      </file>
    </package>
  </project>
</coverage>
