{"C:\\Users\\johan\\OneDrive\\Documentos\\product-checkout-service\\backend\\src\\application\\use-cases\\confirm-payment.use-case.ts": {"path":"C:\\Users\\johan\\OneDrive\\Documentos\\product-checkout-service\\backend\\src\\application\\use-cases\\confirm-payment.use-case.ts","statementMap":{"0":{"start":{"line":1,"column":0},"end":{"line":1,"column":52}},"1":{"start":{"line":2,"column":0},"end":{"line":2,"column":60}},"2":{"start":{"line":3,"column":0},"end":{"line":3,"column":85}},"3":{"start":{"line":4,"column":0},"end":{"line":4,"column":null}},"4":{"start":{"line":12,"column":0},"end":{"line":12,"column":null}},"5":{"start":{"line":24,"column":7},"end":{"line":134,"column":null}},"6":{"start":{"line":27,"column":21},"end":{"line":27,"column":65}},"7":{"start":{"line":28,"column":49},"end":{"line":28,"column":85}},"8":{"start":{"line":29,"column":50},"end":{"line":29,"column":88}},"9":{"start":{"line":30,"column":46},"end":{"line":30,"column":76}},"10":{"start":{"line":35,"column":24},"end":{"line":35,"column":86}},"11":{"start":{"line":36,"column":4},"end":{"line":40,"column":5}},"12":{"start":{"line":37,"column":6},"end":{"line":39,"column":8}},"13":{"start":{"line":41,"column":4},"end":{"line":48,"column":5}},"14":{"start":{"line":43,"column":6},"end":{"line":47,"column":8}},"15":{"start":{"line":50,"column":21},"end":{"line":50,"column":83}},"16":{"start":{"line":51,"column":4},"end":{"line":55,"column":5}},"17":{"start":{"line":52,"column":6},"end":{"line":54,"column":8}},"18":{"start":{"line":58,"column":24},"end":{"line":58,"column":74}},"19":{"start":{"line":59,"column":4},"end":{"line":61,"column":5}},"20":{"start":{"line":60,"column":6},"end":{"line":60,"column":62}},"21":{"start":{"line":64,"column":25},"end":{"line":71,"column":6}},"22":{"start":{"line":72,"column":4},"end":{"line":74,"column":5}},"23":{"start":{"line":73,"column":6},"end":{"line":73,"column":63}},"24":{"start":{"line":75,"column":19},"end":{"line":75,"column":37}},"25":{"start":{"line":79,"column":6},"end":{"line":81,"column":36}},"26":{"start":{"line":83,"column":26},"end":{"line":87,"column":6}},"27":{"start":{"line":88,"column":4},"end":{"line":90,"column":5}},"28":{"start":{"line":89,"column":6},"end":{"line":89,"column":46}},"29":{"start":{"line":91,"column":31},"end":{"line":91,"column":50}},"30":{"start":{"line":92,"column":4},"end":{"line":92,"column":62}},"31":{"start":{"line":95,"column":4},"end":{"line":115,"column":5}},"32":{"start":{"line":96,"column":22},"end":{"line":96,"column":89}},"33":{"start":{"line":97,"column":6},"end":{"line":101,"column":7}},"34":{"start":{"line":98,"column":8},"end":{"line":100,"column":10}},"35":{"start":{"line":102,"column":30},"end":{"line":102,"column":80}},"36":{"start":{"line":103,"column":6},"end":{"line":113,"column":7}},"37":{"start":{"line":108,"column":8},"end":{"line":112,"column":10}},"38":{"start":{"line":114,"column":6},"end":{"line":114,"column":63}},"39":{"start":{"line":117,"column":4},"end":{"line":117,"column":41}},"40":{"start":{"line":124,"column":24},"end":{"line":128,"column":6}},"41":{"start":{"line":129,"column":4},"end":{"line":131,"column":5}},"42":{"start":{"line":130,"column":6},"end":{"line":130,"column":63}},"43":{"start":{"line":132,"column":4},"end":{"line":132,"column":30}},"44":{"start":{"line":24,"column":13},"end":{"line":24,"column":34}},"45":{"start":{"line":24,"column":13},"end":{"line":134,"column":null}}},"fnMap":{"0":{"name":"(anonymous_4)","decl":{"start":{"line":25,"column":2},"end":{"line":25,"column":null}},"loc":{"start":{"line":30,"column":76},"end":{"line":31,"column":6}}},"1":{"name":"(anonymous_5)","decl":{"start":{"line":33,"column":2},"end":{"line":33,"column":7}},"loc":{"start":{"line":33,"column":42},"end":{"line":118,"column":3}}},"2":{"name":"(anonymous_6)","decl":{"start":{"line":120,"column":10},"end":{"line":120,"column":15}},"loc":{"start":{"line":122,"column":22},"end":{"line":133,"column":3}}}},"branchMap":{"0":{"loc":{"start":{"line":36,"column":4},"end":{"line":40,"column":5}},"type":"if","locations":[{"start":{"line":36,"column":4},"end":{"line":40,"column":5}}]},"1":{"loc":{"start":{"line":41,"column":4},"end":{"line":48,"column":5}},"type":"if","locations":[{"start":{"line":41,"column":4},"end":{"line":48,"column":5}}]},"2":{"loc":{"start":{"line":51,"column":4},"end":{"line":55,"column":5}},"type":"if","locations":[{"start":{"line":51,"column":4},"end":{"line":55,"column":5}}]},"3":{"loc":{"start":{"line":59,"column":4},"end":{"line":61,"column":5}},"type":"if","locations":[{"start":{"line":59,"column":4},"end":{"line":61,"column":5}}]},"4":{"loc":{"start":{"line":72,"column":4},"end":{"line":74,"column":5}},"type":"if","locations":[{"start":{"line":72,"column":4},"end":{"line":74,"column":5}}]},"5":{"loc":{"start":{"line":79,"column":6},"end":{"line":81,"column":36}},"type":"cond-expr","locations":[{"start":{"line":80,"column":10},"end":{"line":80,"column":36}},{"start":{"line":81,"column":10},"end":{"line":81,"column":36}}]},"6":{"loc":{"start":{"line":88,"column":4},"end":{"line":90,"column":5}},"type":"if","locations":[{"start":{"line":88,"column":4},"end":{"line":90,"column":5}}]},"7":{"loc":{"start":{"line":95,"column":4},"end":{"line":115,"column":5}},"type":"if","locations":[{"start":{"line":95,"column":4},"end":{"line":115,"column":5}}]},"8":{"loc":{"start":{"line":97,"column":6},"end":{"line":101,"column":7}},"type":"if","locations":[{"start":{"line":97,"column":6},"end":{"line":101,"column":7}}]},"9":{"loc":{"start":{"line":103,"column":6},"end":{"line":113,"column":7}},"type":"if","locations":[{"start":{"line":103,"column":6},"end":{"line":113,"column":7}}]},"10":{"loc":{"start":{"line":129,"column":4},"end":{"line":131,"column":5}},"type":"if","locations":[{"start":{"line":129,"column":4},"end":{"line":131,"column":5}}]}},"s":{"0":1,"1":1,"2":1,"3":1,"4":1,"5":1,"6":9,"7":9,"8":9,"9":9,"10":9,"11":9,"12":1,"13":8,"14":1,"15":7,"16":7,"17":1,"18":6,"19":6,"20":1,"21":5,"22":5,"23":1,"24":4,"25":4,"26":4,"27":4,"28":0,"29":4,"30":4,"31":4,"32":3,"33":3,"34":1,"35":2,"36":2,"37":1,"38":1,"39":2,"40":2,"41":2,"42":2,"43":2,"44":1,"45":1},"f":{"0":9,"1":9,"2":2},"b":{"0":[1],"1":[1],"2":[1],"3":[1],"4":[1],"5":[3,1],"6":[0],"7":[3],"8":[1],"9":[1],"10":[2]}}
,"C:\\Users\\johan\\OneDrive\\Documentos\\product-checkout-service\\backend\\src\\application\\use-cases\\create-transaction.use-case.ts": {"path":"C:\\Users\\johan\\OneDrive\\Documentos\\product-checkout-service\\backend\\src\\application\\use-cases\\create-transaction.use-case.ts","statementMap":{"0":{"start":{"line":1,"column":0},"end":{"line":1,"column":52}},"1":{"start":{"line":2,"column":0},"end":{"line":2,"column":34}},"2":{"start":{"line":3,"column":0},"end":{"line":3,"column":60}},"3":{"start":{"line":4,"column":0},"end":{"line":4,"column":60}},"4":{"start":{"line":5,"column":0},"end":{"line":5,"column":60}},"5":{"start":{"line":6,"column":0},"end":{"line":6,"column":66}},"6":{"start":{"line":7,"column":0},"end":{"line":7,"column":null}},"7":{"start":{"line":19,"column":26},"end":{"line":19,"column":32}},"8":{"start":{"line":46,"column":7},"end":{"line":117,"column":null}},"9":{"start":{"line":48,"column":49},"end":{"line":48,"column":85}},"10":{"start":{"line":49,"column":50},"end":{"line":49,"column":88}},"11":{"start":{"line":50,"column":50},"end":{"line":50,"column":88}},"12":{"start":{"line":52,"column":21},"end":{"line":52,"column":65}},"13":{"start":{"line":60,"column":20},"end":{"line":60,"column":74}},"14":{"start":{"line":61,"column":4},"end":{"line":63,"column":5}},"15":{"start":{"line":62,"column":6},"end":{"line":62,"column":87}},"16":{"start":{"line":64,"column":4},"end":{"line":70,"column":5}},"17":{"start":{"line":65,"column":6},"end":{"line":69,"column":8}},"18":{"start":{"line":73,"column":27},"end":{"line":76,"column":6}},"19":{"start":{"line":77,"column":4},"end":{"line":79,"column":5}},"20":{"start":{"line":78,"column":6},"end":{"line":78,"column":47}},"21":{"start":{"line":80,"column":21},"end":{"line":80,"column":41}},"22":{"start":{"line":83,"column":30},"end":{"line":91,"column":6}},"23":{"start":{"line":92,"column":4},"end":{"line":94,"column":5}},"24":{"start":{"line":93,"column":6},"end":{"line":93,"column":50}},"25":{"start":{"line":95,"column":24},"end":{"line":95,"column":47}},"26":{"start":{"line":98,"column":27},"end":{"line":103,"column":6}},"27":{"start":{"line":104,"column":4},"end":{"line":106,"column":5}},"28":{"start":{"line":105,"column":6},"end":{"line":105,"column":47}},"29":{"start":{"line":107,"column":21},"end":{"line":107,"column":41}},"30":{"start":{"line":111,"column":4},"end":{"line":111,"column":49}},"31":{"start":{"line":112,"column":4},"end":{"line":112,"column":55}},"32":{"start":{"line":113,"column":4},"end":{"line":113,"column":49}},"33":{"start":{"line":115,"column":4},"end":{"line":115,"column":58}},"34":{"start":{"line":46,"column":13},"end":{"line":46,"column":37}},"35":{"start":{"line":46,"column":13},"end":{"line":117,"column":null}}},"fnMap":{"0":{"name":"(anonymous_4)","decl":{"start":{"line":47,"column":2},"end":{"line":47,"column":null}},"loc":{"start":{"line":52,"column":65},"end":{"line":53,"column":6}}},"1":{"name":"(anonymous_5)","decl":{"start":{"line":55,"column":2},"end":{"line":55,"column":7}},"loc":{"start":{"line":56,"column":33},"end":{"line":116,"column":3}}}},"branchMap":{"0":{"loc":{"start":{"line":61,"column":4},"end":{"line":63,"column":5}},"type":"if","locations":[{"start":{"line":61,"column":4},"end":{"line":63,"column":5}}]},"1":{"loc":{"start":{"line":64,"column":4},"end":{"line":70,"column":5}},"type":"if","locations":[{"start":{"line":64,"column":4},"end":{"line":70,"column":5}}]},"2":{"loc":{"start":{"line":77,"column":4},"end":{"line":79,"column":5}},"type":"if","locations":[{"start":{"line":77,"column":4},"end":{"line":79,"column":5}}]},"3":{"loc":{"start":{"line":92,"column":4},"end":{"line":94,"column":5}},"type":"if","locations":[{"start":{"line":92,"column":4},"end":{"line":94,"column":5}}]},"4":{"loc":{"start":{"line":104,"column":4},"end":{"line":106,"column":5}},"type":"if","locations":[{"start":{"line":104,"column":4},"end":{"line":106,"column":5}}]}},"s":{"0":1,"1":1,"2":1,"3":1,"4":1,"5":1,"6":1,"7":1,"8":1,"9":5,"10":5,"11":5,"12":5,"13":5,"14":5,"15":1,"16":4,"17":1,"18":3,"19":3,"20":1,"21":2,"22":2,"23":2,"24":0,"25":2,"26":2,"27":2,"28":1,"29":1,"30":1,"31":1,"32":1,"33":1,"34":1,"35":1},"f":{"0":5,"1":5},"b":{"0":[1],"1":[1],"2":[1],"3":[0],"4":[1]}}
,"C:\\Users\\johan\\OneDrive\\Documentos\\product-checkout-service\\backend\\src\\domain\\entities\\customer.entity.ts": {"path":"C:\\Users\\johan\\OneDrive\\Documentos\\product-checkout-service\\backend\\src\\domain\\entities\\customer.entity.ts","statementMap":{"0":{"start":{"line":1,"column":0},"end":{"line":1,"column":60}},"1":{"start":{"line":11,"column":20},"end":{"line":11,"column":48}},"2":{"start":{"line":14,"column":30},"end":{"line":14,"column":50}},"3":{"start":{"line":17,"column":4},"end":{"line":21,"column":5}},"4":{"start":{"line":18,"column":6},"end":{"line":20,"column":8}},"5":{"start":{"line":22,"column":4},"end":{"line":24,"column":5}},"6":{"start":{"line":23,"column":6},"end":{"line":23,"column":78}},"7":{"start":{"line":25,"column":4},"end":{"line":27,"column":5}},"8":{"start":{"line":26,"column":6},"end":{"line":26,"column":85}},"9":{"start":{"line":28,"column":4},"end":{"line":30,"column":5}},"10":{"start":{"line":29,"column":6},"end":{"line":29,"column":89}},"11":{"start":{"line":31,"column":4},"end":{"line":31,"column":42}},"12":{"start":{"line":35,"column":4},"end":{"line":35,"column":25}},"13":{"start":{"line":38,"column":4},"end":{"line":38,"column":31}},"14":{"start":{"line":41,"column":4},"end":{"line":41,"column":28}},"15":{"start":{"line":44,"column":4},"end":{"line":44,"column":34}},"16":{"start":{"line":47,"column":4},"end":{"line":47,"column":37}},"17":{"start":{"line":51,"column":4},"end":{"line":51,"column":29}},"18":{"start":{"line":13,"column":0},"end":{"line":13,"column":13}}},"fnMap":{"0":{"name":"(anonymous_0)","decl":{"start":{"line":14,"column":2},"end":{"line":14,"column":30}},"loc":{"start":{"line":14,"column":50},"end":{"line":14,"column":54}}},"1":{"name":"(anonymous_1)","decl":{"start":{"line":16,"column":2},"end":{"line":16,"column":8}},"loc":{"start":{"line":16,"column":36},"end":{"line":32,"column":3}}},"2":{"name":"(anonymous_2)","decl":{"start":{"line":34,"column":2},"end":{"line":34,"column":6}},"loc":{"start":{"line":34,"column":8},"end":{"line":36,"column":3}}},"3":{"name":"(anonymous_3)","decl":{"start":{"line":37,"column":2},"end":{"line":37,"column":6}},"loc":{"start":{"line":37,"column":14},"end":{"line":39,"column":3}}},"4":{"name":"(anonymous_4)","decl":{"start":{"line":40,"column":2},"end":{"line":40,"column":6}},"loc":{"start":{"line":40,"column":11},"end":{"line":42,"column":3}}},"5":{"name":"(anonymous_5)","decl":{"start":{"line":43,"column":2},"end":{"line":43,"column":6}},"loc":{"start":{"line":43,"column":17},"end":{"line":45,"column":3}}},"6":{"name":"(anonymous_6)","decl":{"start":{"line":46,"column":2},"end":{"line":46,"column":6}},"loc":{"start":{"line":46,"column":20},"end":{"line":48,"column":3}}},"7":{"name":"(anonymous_7)","decl":{"start":{"line":50,"column":2},"end":{"line":50,"column":14}},"loc":{"start":{"line":50,"column":14},"end":{"line":52,"column":3}}}},"branchMap":{"0":{"loc":{"start":{"line":17,"column":4},"end":{"line":21,"column":5}},"type":"if","locations":[{"start":{"line":17,"column":4},"end":{"line":21,"column":5}}]},"1":{"loc":{"start":{"line":17,"column":8},"end":{"line":17,"column":59}},"type":"binary-expr","locations":[{"start":{"line":17,"column":8},"end":{"line":17,"column":23}},{"start":{"line":17,"column":27},"end":{"line":17,"column":59}}]},"2":{"loc":{"start":{"line":22,"column":4},"end":{"line":24,"column":5}},"type":"if","locations":[{"start":{"line":22,"column":4},"end":{"line":24,"column":5}}]},"3":{"loc":{"start":{"line":25,"column":4},"end":{"line":27,"column":5}},"type":"if","locations":[{"start":{"line":25,"column":4},"end":{"line":27,"column":5}}]},"4":{"loc":{"start":{"line":25,"column":8},"end":{"line":25,"column":77}},"type":"binary-expr","locations":[{"start":{"line":25,"column":8},"end":{"line":25,"column":26}},{"start":{"line":25,"column":30},"end":{"line":25,"column":77}}]},"5":{"loc":{"start":{"line":28,"column":4},"end":{"line":30,"column":5}},"type":"if","locations":[{"start":{"line":28,"column":4},"end":{"line":30,"column":5}}]},"6":{"loc":{"start":{"line":28,"column":8},"end":{"line":28,"column":73}},"type":"binary-expr","locations":[{"start":{"line":28,"column":8},"end":{"line":28,"column":29}},{"start":{"line":28,"column":33},"end":{"line":28,"column":73}}]}},"s":{"0":2,"1":2,"2":5,"3":14,"4":2,"5":12,"6":3,"7":9,"8":2,"9":7,"10":2,"11":5,"12":3,"13":2,"14":1,"15":1,"16":1,"17":1,"18":2},"f":{"0":5,"1":14,"2":3,"3":2,"4":1,"5":1,"6":1,"7":1},"b":{"0":[2],"1":[14,13],"2":[3],"3":[2],"4":[9,8],"5":[2],"6":[7,6]}}
,"C:\\Users\\johan\\OneDrive\\Documentos\\product-checkout-service\\backend\\src\\domain\\entities\\delivery.entity.ts": {"path":"C:\\Users\\johan\\OneDrive\\Documentos\\product-checkout-service\\backend\\src\\domain\\entities\\delivery.entity.ts","statementMap":{"0":{"start":{"line":1,"column":0},"end":{"line":1,"column":60}},"1":{"start":{"line":14,"column":30},"end":{"line":14,"column":50}},"2":{"start":{"line":17,"column":4},"end":{"line":19,"column":5}},"3":{"start":{"line":18,"column":6},"end":{"line":18,"column":82}},"4":{"start":{"line":20,"column":4},"end":{"line":22,"column":5}},"5":{"start":{"line":21,"column":6},"end":{"line":21,"column":78}},"6":{"start":{"line":23,"column":4},"end":{"line":25,"column":5}},"7":{"start":{"line":24,"column":6},"end":{"line":24,"column":80}},"8":{"start":{"line":26,"column":4},"end":{"line":28,"column":5}},"9":{"start":{"line":27,"column":6},"end":{"line":27,"column":84}},"10":{"start":{"line":29,"column":4},"end":{"line":29,"column":42}},"11":{"start":{"line":33,"column":4},"end":{"line":33,"column":25}},"12":{"start":{"line":36,"column":4},"end":{"line":36,"column":36}},"13":{"start":{"line":39,"column":4},"end":{"line":39,"column":34}},"14":{"start":{"line":42,"column":4},"end":{"line":42,"column":27}},"15":{"start":{"line":45,"column":4},"end":{"line":45,"column":29}},"16":{"start":{"line":48,"column":4},"end":{"line":48,"column":33}},"17":{"start":{"line":51,"column":4},"end":{"line":51,"column":33}},"18":{"start":{"line":55,"column":4},"end":{"line":55,"column":29}},"19":{"start":{"line":13,"column":0},"end":{"line":13,"column":13}}},"fnMap":{"0":{"name":"(anonymous_0)","decl":{"start":{"line":14,"column":2},"end":{"line":14,"column":30}},"loc":{"start":{"line":14,"column":50},"end":{"line":14,"column":54}}},"1":{"name":"(anonymous_1)","decl":{"start":{"line":16,"column":2},"end":{"line":16,"column":8}},"loc":{"start":{"line":16,"column":36},"end":{"line":30,"column":3}}},"2":{"name":"(anonymous_2)","decl":{"start":{"line":32,"column":2},"end":{"line":32,"column":6}},"loc":{"start":{"line":32,"column":8},"end":{"line":34,"column":3}}},"3":{"name":"(anonymous_3)","decl":{"start":{"line":35,"column":2},"end":{"line":35,"column":6}},"loc":{"start":{"line":35,"column":19},"end":{"line":37,"column":3}}},"4":{"name":"(anonymous_4)","decl":{"start":{"line":38,"column":2},"end":{"line":38,"column":6}},"loc":{"start":{"line":38,"column":17},"end":{"line":40,"column":3}}},"5":{"name":"(anonymous_5)","decl":{"start":{"line":41,"column":2},"end":{"line":41,"column":6}},"loc":{"start":{"line":41,"column":10},"end":{"line":43,"column":3}}},"6":{"name":"(anonymous_6)","decl":{"start":{"line":44,"column":2},"end":{"line":44,"column":6}},"loc":{"start":{"line":44,"column":12},"end":{"line":46,"column":3}}},"7":{"name":"(anonymous_7)","decl":{"start":{"line":47,"column":2},"end":{"line":47,"column":6}},"loc":{"start":{"line":47,"column":16},"end":{"line":49,"column":3}}},"8":{"name":"(anonymous_8)","decl":{"start":{"line":50,"column":2},"end":{"line":50,"column":6}},"loc":{"start":{"line":50,"column":16},"end":{"line":52,"column":3}}},"9":{"name":"(anonymous_9)","decl":{"start":{"line":54,"column":2},"end":{"line":54,"column":14}},"loc":{"start":{"line":54,"column":14},"end":{"line":56,"column":3}}}},"branchMap":{"0":{"loc":{"start":{"line":17,"column":4},"end":{"line":19,"column":5}},"type":"if","locations":[{"start":{"line":17,"column":4},"end":{"line":19,"column":5}}]},"1":{"loc":{"start":{"line":17,"column":8},"end":{"line":17,"column":65}},"type":"binary-expr","locations":[{"start":{"line":17,"column":8},"end":{"line":17,"column":26}},{"start":{"line":17,"column":30},"end":{"line":17,"column":65}}]},"2":{"loc":{"start":{"line":20,"column":4},"end":{"line":22,"column":5}},"type":"if","locations":[{"start":{"line":20,"column":4},"end":{"line":22,"column":5}}]},"3":{"loc":{"start":{"line":20,"column":8},"end":{"line":20,"column":53}},"type":"binary-expr","locations":[{"start":{"line":20,"column":8},"end":{"line":20,"column":19}},{"start":{"line":20,"column":23},"end":{"line":20,"column":53}}]},"4":{"loc":{"start":{"line":23,"column":4},"end":{"line":25,"column":5}},"type":"if","locations":[{"start":{"line":23,"column":4},"end":{"line":25,"column":5}}]},"5":{"loc":{"start":{"line":23,"column":8},"end":{"line":23,"column":57}},"type":"binary-expr","locations":[{"start":{"line":23,"column":8},"end":{"line":23,"column":21}},{"start":{"line":23,"column":25},"end":{"line":23,"column":57}}]},"6":{"loc":{"start":{"line":26,"column":4},"end":{"line":28,"column":5}},"type":"if","locations":[{"start":{"line":26,"column":4},"end":{"line":28,"column":5}}]}},"s":{"0":2,"1":5,"2":13,"3":2,"4":11,"5":3,"6":8,"7":2,"8":6,"9":1,"10":5,"11":1,"12":1,"13":1,"14":2,"15":1,"16":2,"17":2,"18":1,"19":2},"f":{"0":5,"1":13,"2":1,"3":1,"4":1,"5":2,"6":1,"7":2,"8":2,"9":1},"b":{"0":[2],"1":[13,12],"2":[3],"3":[11,9],"4":[2],"5":[8,7],"6":[1]}}
,"C:\\Users\\johan\\OneDrive\\Documentos\\product-checkout-service\\backend\\src\\domain\\entities\\product.entity.ts": {"path":"C:\\Users\\johan\\OneDrive\\Documentos\\product-checkout-service\\backend\\src\\domain\\entities\\product.entity.ts","statementMap":{"0":{"start":{"line":1,"column":0},"end":{"line":1,"column":60}},"1":{"start":{"line":17,"column":30},"end":{"line":17,"column":49}},"2":{"start":{"line":20,"column":4},"end":{"line":22,"column":5}},"3":{"start":{"line":21,"column":6},"end":{"line":21,"column":77}},"4":{"start":{"line":23,"column":4},"end":{"line":27,"column":5}},"5":{"start":{"line":24,"column":6},"end":{"line":26,"column":8}},"6":{"start":{"line":28,"column":4},"end":{"line":30,"column":5}},"7":{"start":{"line":29,"column":6},"end":{"line":29,"column":85}},"8":{"start":{"line":31,"column":4},"end":{"line":31,"column":41}},"9":{"start":{"line":35,"column":4},"end":{"line":35,"column":25}},"10":{"start":{"line":39,"column":4},"end":{"line":39,"column":27}},"11":{"start":{"line":43,"column":4},"end":{"line":43,"column":34}},"12":{"start":{"line":47,"column":4},"end":{"line":47,"column":35}},"13":{"start":{"line":51,"column":4},"end":{"line":51,"column":28}},"14":{"start":{"line":55,"column":4},"end":{"line":55,"column":31}},"15":{"start":{"line":59,"column":4},"end":{"line":59,"column":37}},"16":{"start":{"line":64,"column":4},"end":{"line":66,"column":5}},"17":{"start":{"line":65,"column":6},"end":{"line":65,"column":84}},"18":{"start":{"line":67,"column":4},"end":{"line":73,"column":5}},"19":{"start":{"line":68,"column":6},"end":{"line":72,"column":8}},"20":{"start":{"line":74,"column":4},"end":{"line":74,"column":78}},"21":{"start":{"line":78,"column":4},"end":{"line":78,"column":29}},"22":{"start":{"line":16,"column":0},"end":{"line":16,"column":13}}},"fnMap":{"0":{"name":"(anonymous_0)","decl":{"start":{"line":17,"column":2},"end":{"line":17,"column":30}},"loc":{"start":{"line":17,"column":49},"end":{"line":17,"column":53}}},"1":{"name":"(anonymous_1)","decl":{"start":{"line":19,"column":2},"end":{"line":19,"column":8}},"loc":{"start":{"line":19,"column":35},"end":{"line":32,"column":3}}},"2":{"name":"(anonymous_2)","decl":{"start":{"line":34,"column":2},"end":{"line":34,"column":6}},"loc":{"start":{"line":34,"column":8},"end":{"line":36,"column":3}}},"3":{"name":"(anonymous_3)","decl":{"start":{"line":38,"column":2},"end":{"line":38,"column":6}},"loc":{"start":{"line":38,"column":10},"end":{"line":40,"column":3}}},"4":{"name":"(anonymous_4)","decl":{"start":{"line":42,"column":2},"end":{"line":42,"column":6}},"loc":{"start":{"line":42,"column":17},"end":{"line":44,"column":3}}},"5":{"name":"(anonymous_5)","decl":{"start":{"line":46,"column":2},"end":{"line":46,"column":6}},"loc":{"start":{"line":46,"column":18},"end":{"line":48,"column":3}}},"6":{"name":"(anonymous_6)","decl":{"start":{"line":50,"column":2},"end":{"line":50,"column":6}},"loc":{"start":{"line":50,"column":11},"end":{"line":52,"column":3}}},"7":{"name":"(anonymous_7)","decl":{"start":{"line":54,"column":2},"end":{"line":54,"column":6}},"loc":{"start":{"line":54,"column":14},"end":{"line":56,"column":3}}},"8":{"name":"(anonymous_8)","decl":{"start":{"line":58,"column":2},"end":{"line":58,"column":13}},"loc":{"start":{"line":58,"column":27},"end":{"line":60,"column":3}}},"9":{"name":"(anonymous_9)","decl":{"start":{"line":63,"column":2},"end":{"line":63,"column":15}},"loc":{"start":{"line":63,"column":29},"end":{"line":75,"column":3}}},"10":{"name":"(anonymous_10)","decl":{"start":{"line":77,"column":2},"end":{"line":77,"column":14}},"loc":{"start":{"line":77,"column":14},"end":{"line":79,"column":3}}}},"branchMap":{"0":{"loc":{"start":{"line":20,"column":4},"end":{"line":22,"column":5}},"type":"if","locations":[{"start":{"line":20,"column":4},"end":{"line":22,"column":5}}]},"1":{"loc":{"start":{"line":20,"column":8},"end":{"line":20,"column":53}},"type":"binary-expr","locations":[{"start":{"line":20,"column":8},"end":{"line":20,"column":19}},{"start":{"line":20,"column":23},"end":{"line":20,"column":53}}]},"2":{"loc":{"start":{"line":23,"column":4},"end":{"line":27,"column":5}},"type":"if","locations":[{"start":{"line":23,"column":4},"end":{"line":27,"column":5}}]},"3":{"loc":{"start":{"line":28,"column":4},"end":{"line":30,"column":5}},"type":"if","locations":[{"start":{"line":28,"column":4},"end":{"line":30,"column":5}}]},"4":{"loc":{"start":{"line":64,"column":4},"end":{"line":66,"column":5}},"type":"if","locations":[{"start":{"line":64,"column":4},"end":{"line":66,"column":5}}]},"5":{"loc":{"start":{"line":67,"column":4},"end":{"line":73,"column":5}},"type":"if","locations":[{"start":{"line":67,"column":4},"end":{"line":73,"column":5}}]}},"s":{"0":3,"1":21,"2":26,"3":2,"4":24,"5":2,"6":22,"7":1,"8":21,"9":3,"10":1,"11":1,"12":3,"13":6,"14":2,"15":12,"16":7,"17":2,"18":5,"19":2,"20":3,"21":1,"22":3},"f":{"0":21,"1":26,"2":3,"3":1,"4":1,"5":3,"6":6,"7":2,"8":12,"9":7,"10":1},"b":{"0":[2],"1":[26,25],"2":[2],"3":[1],"4":[2],"5":[2]}}
,"C:\\Users\\johan\\OneDrive\\Documentos\\product-checkout-service\\backend\\src\\domain\\entities\\transaction.entity.ts": {"path":"C:\\Users\\johan\\OneDrive\\Documentos\\product-checkout-service\\backend\\src\\domain\\entities\\transaction.entity.ts","statementMap":{"0":{"start":{"line":1,"column":0},"end":{"line":1,"column":60}},"1":{"start":{"line":3,"column":0},"end":{"line":3,"column":null}},"2":{"start":{"line":4,"column":2},"end":{"line":4,"column":null}},"3":{"start":{"line":5,"column":2},"end":{"line":5,"column":null}},"4":{"start":{"line":6,"column":2},"end":{"line":6,"column":null}},"5":{"start":{"line":7,"column":2},"end":{"line":7,"column":null}},"6":{"start":{"line":27,"column":76},"end":{"line":36,"column":2}},"7":{"start":{"line":39,"column":30},"end":{"line":39,"column":53}},"8":{"start":{"line":44,"column":4},"end":{"line":46,"column":5}},"9":{"start":{"line":45,"column":6},"end":{"line":45,"column":87}},"10":{"start":{"line":47,"column":4},"end":{"line":49,"column":5}},"11":{"start":{"line":48,"column":6},"end":{"line":48,"column":93}},"12":{"start":{"line":50,"column":4},"end":{"line":52,"column":5}},"13":{"start":{"line":51,"column":6},"end":{"line":51,"column":76}},"14":{"start":{"line":53,"column":16},"end":{"line":53,"column":26}},"15":{"start":{"line":54,"column":4},"end":{"line":61,"column":6}},"16":{"start":{"line":65,"column":4},"end":{"line":65,"column":34}},"17":{"start":{"line":69,"column":4},"end":{"line":69,"column":25}},"18":{"start":{"line":72,"column":4},"end":{"line":72,"column":32}},"19":{"start":{"line":75,"column":4},"end":{"line":75,"column":33}},"20":{"start":{"line":78,"column":4},"end":{"line":78,"column":31}},"21":{"start":{"line":81,"column":4},"end":{"line":81,"column":29}},"22":{"start":{"line":84,"column":4},"end":{"line":84,"column":43}},"23":{"start":{"line":88,"column":4},"end":{"line":92,"column":6}},"24":{"start":{"line":106,"column":4},"end":{"line":110,"column":5}},"25":{"start":{"line":107,"column":6},"end":{"line":109,"column":8}},"26":{"start":{"line":111,"column":20},"end":{"line":111,"column":58}},"27":{"start":{"line":112,"column":4},"end":{"line":118,"column":5}},"28":{"start":{"line":113,"column":6},"end":{"line":117,"column":8}},"29":{"start":{"line":119,"column":4},"end":{"line":127,"column":6}},"30":{"start":{"line":131,"column":4},"end":{"line":131,"column":60}},"31":{"start":{"line":135,"column":4},"end":{"line":135,"column":29}},"32":{"start":{"line":38,"column":0},"end":{"line":38,"column":13}}},"fnMap":{"0":{"name":"(anonymous_0)","decl":{"start":{"line":3,"column":0},"end":{"line":3,"column":12}},"loc":{"start":{"line":3,"column":29},"end":{"line":8,"column":1}}},"1":{"name":"(anonymous_1)","decl":{"start":{"line":39,"column":2},"end":{"line":39,"column":30}},"loc":{"start":{"line":39,"column":53},"end":{"line":39,"column":57}}},"2":{"name":"(anonymous_2)","decl":{"start":{"line":41,"column":2},"end":{"line":41,"column":8}},"loc":{"start":{"line":42,"column":71},"end":{"line":62,"column":3}}},"3":{"name":"(anonymous_3)","decl":{"start":{"line":64,"column":2},"end":{"line":64,"column":8}},"loc":{"start":{"line":64,"column":48},"end":{"line":66,"column":3}}},"4":{"name":"(anonymous_4)","decl":{"start":{"line":68,"column":2},"end":{"line":68,"column":6}},"loc":{"start":{"line":68,"column":8},"end":{"line":70,"column":3}}},"5":{"name":"(anonymous_5)","decl":{"start":{"line":71,"column":2},"end":{"line":71,"column":6}},"loc":{"start":{"line":71,"column":15},"end":{"line":73,"column":3}}},"6":{"name":"(anonymous_6)","decl":{"start":{"line":74,"column":2},"end":{"line":74,"column":6}},"loc":{"start":{"line":74,"column":16},"end":{"line":76,"column":3}}},"7":{"name":"(anonymous_7)","decl":{"start":{"line":77,"column":2},"end":{"line":77,"column":6}},"loc":{"start":{"line":77,"column":14},"end":{"line":79,"column":3}}},"8":{"name":"(anonymous_8)","decl":{"start":{"line":80,"column":2},"end":{"line":80,"column":6}},"loc":{"start":{"line":80,"column":12},"end":{"line":82,"column":3}}},"9":{"name":"(anonymous_9)","decl":{"start":{"line":83,"column":2},"end":{"line":83,"column":6}},"loc":{"start":{"line":83,"column":26},"end":{"line":85,"column":3}}},"10":{"name":"(anonymous_10)","decl":{"start":{"line":87,"column":2},"end":{"line":87,"column":6}},"loc":{"start":{"line":87,"column":24},"end":{"line":93,"column":3}}},"11":{"name":"(anonymous_11)","decl":{"start":{"line":101,"column":2},"end":{"line":101,"column":20}},"loc":{"start":{"line":105,"column":3},"end":{"line":128,"column":3}}},"12":{"name":"(anonymous_12)","decl":{"start":{"line":130,"column":2},"end":{"line":130,"column":12}},"loc":{"start":{"line":130,"column":12},"end":{"line":132,"column":3}}},"13":{"name":"(anonymous_13)","decl":{"start":{"line":134,"column":2},"end":{"line":134,"column":14}},"loc":{"start":{"line":134,"column":14},"end":{"line":136,"column":3}}}},"branchMap":{"0":{"loc":{"start":{"line":3,"column":12},"end":{"line":3,"column":null}},"type":"binary-expr","locations":[{"start":{"line":3,"column":12},"end":{"line":3,"column":29}},{"start":{"line":3,"column":29},"end":{"line":3,"column":null}}]},"1":{"loc":{"start":{"line":44,"column":4},"end":{"line":46,"column":5}},"type":"if","locations":[{"start":{"line":44,"column":4},"end":{"line":46,"column":5}}]},"2":{"loc":{"start":{"line":47,"column":4},"end":{"line":49,"column":5}},"type":"if","locations":[{"start":{"line":47,"column":4},"end":{"line":49,"column":5}}]},"3":{"loc":{"start":{"line":50,"column":4},"end":{"line":52,"column":5}},"type":"if","locations":[{"start":{"line":50,"column":4},"end":{"line":52,"column":5}}]},"4":{"loc":{"start":{"line":50,"column":8},"end":{"line":50,"column":64}},"type":"binary-expr","locations":[{"start":{"line":50,"column":8},"end":{"line":50,"column":32}},{"start":{"line":50,"column":36},"end":{"line":50,"column":64}}]},"5":{"loc":{"start":{"line":106,"column":4},"end":{"line":110,"column":5}},"type":"if","locations":[{"start":{"line":106,"column":4},"end":{"line":110,"column":5}}]},"6":{"loc":{"start":{"line":112,"column":4},"end":{"line":118,"column":5}},"type":"if","locations":[{"start":{"line":112,"column":4},"end":{"line":118,"column":5}}]}},"s":{"0":3,"1":3,"2":3,"3":3,"4":3,"5":3,"6":3,"7":38,"8":28,"9":2,"10":26,"11":1,"12":25,"13":2,"14":23,"15":23,"16":1,"17":9,"18":7,"19":9,"20":3,"21":19,"22":3,"23":6,"24":17,"25":1,"26":16,"27":16,"28":2,"29":14,"30":7,"31":1,"32":3},"f":{"0":3,"1":38,"2":28,"3":1,"4":9,"5":7,"6":9,"7":3,"8":19,"9":3,"10":6,"11":17,"12":7,"13":1},"b":{"0":[3,3],"1":[2],"2":[1],"3":[2],"4":[25,24],"5":[1],"6":[2]}}
,"C:\\Users\\johan\\OneDrive\\Documentos\\product-checkout-service\\backend\\src\\domain\\ports\\payment-gateway.port.ts": {"path":"C:\\Users\\johan\\OneDrive\\Documentos\\product-checkout-service\\backend\\src\\domain\\ports\\payment-gateway.port.ts","statementMap":{"0":{"start":{"line":3,"column":13},"end":{"line":3,"column":57}}},"fnMap":{},"branchMap":{},"s":{"0":1},"f":{},"b":{}}
,"C:\\Users\\johan\\OneDrive\\Documentos\\product-checkout-service\\backend\\src\\domain\\ports\\repositories.port.ts": {"path":"C:\\Users\\johan\\OneDrive\\Documentos\\product-checkout-service\\backend\\src\\domain\\ports\\repositories.port.ts","statementMap":{"0":{"start":{"line":6,"column":13},"end":{"line":6,"column":63}},"1":{"start":{"line":7,"column":13},"end":{"line":7,"column":71}},"2":{"start":{"line":8,"column":13},"end":{"line":8,"column":65}},"3":{"start":{"line":9,"column":13},"end":{"line":9,"column":65}}},"fnMap":{},"branchMap":{},"s":{"0":2,"1":2,"2":2,"3":2},"f":{},"b":{}}
,"C:\\Users\\johan\\OneDrive\\Documentos\\product-checkout-service\\backend\\src\\domain\\shared\\result.ts": {"path":"C:\\Users\\johan\\OneDrive\\Documentos\\product-checkout-service\\backend\\src\\domain\\shared\\result.ts","statementMap":{"0":{"start":{"line":15,"column":21},"end":{"line":15,"column":40}},"1":{"start":{"line":16,"column":21},"end":{"line":16,"column":31}},"2":{"start":{"line":17,"column":21},"end":{"line":17,"column":31}},"3":{"start":{"line":21,"column":4},"end":{"line":21,"column":52}},"4":{"start":{"line":25,"column":4},"end":{"line":25,"column":53}},"5":{"start":{"line":29,"column":4},"end":{"line":29,"column":27}},"6":{"start":{"line":33,"column":4},"end":{"line":33,"column":28}},"7":{"start":{"line":38,"column":4},"end":{"line":42,"column":5}},"8":{"start":{"line":39,"column":6},"end":{"line":41,"column":8}},"9":{"start":{"line":43,"column":4},"end":{"line":43,"column":28}},"10":{"start":{"line":47,"column":4},"end":{"line":49,"column":5}},"11":{"start":{"line":48,"column":6},"end":{"line":48,"column":66}},"12":{"start":{"line":50,"column":4},"end":{"line":50,"column":28}},"13":{"start":{"line":55,"column":4},"end":{"line":55,"column":67}},"14":{"start":{"line":55,"column":24},"end":{"line":55,"column":67}},"15":{"start":{"line":56,"column":4},"end":{"line":56,"column":49}},"16":{"start":{"line":63,"column":4},"end":{"line":63,"column":67}},"17":{"start":{"line":63,"column":24},"end":{"line":63,"column":67}},"18":{"start":{"line":64,"column":4},"end":{"line":64,"column":32}},"19":{"start":{"line":69,"column":4},"end":{"line":69,"column":67}},"20":{"start":{"line":69,"column":24},"end":{"line":69,"column":67}},"21":{"start":{"line":70,"column":4},"end":{"line":70,"column":32}},"22":{"start":{"line":13,"column":0},"end":{"line":13,"column":13}},"23":{"start":{"line":74,"column":0},"end":{"line":74,"column":null}},"24":{"start":{"line":75,"column":2},"end":{"line":75,"column":null}},"25":{"start":{"line":76,"column":2},"end":{"line":76,"column":null}},"26":{"start":{"line":77,"column":2},"end":{"line":77,"column":null}},"27":{"start":{"line":78,"column":2},"end":{"line":78,"column":null}},"28":{"start":{"line":79,"column":2},"end":{"line":79,"column":null}},"29":{"start":{"line":80,"column":2},"end":{"line":80,"column":null}},"30":{"start":{"line":81,"column":2},"end":{"line":81,"column":null}},"31":{"start":{"line":86,"column":20},"end":{"line":86,"column":41}},"32":{"start":{"line":87,"column":20},"end":{"line":87,"column":35}},"33":{"start":{"line":88,"column":20},"end":{"line":88,"column":53}},"34":{"start":{"line":92,"column":4},"end":{"line":92,"column":79}},"35":{"start":{"line":96,"column":4},"end":{"line":96,"column":63}},"36":{"start":{"line":100,"column":4},"end":{"line":100,"column":72}},"37":{"start":{"line":104,"column":4},"end":{"line":108,"column":6}},"38":{"start":{"line":112,"column":4},"end":{"line":112,"column":75}},"39":{"start":{"line":116,"column":4},"end":{"line":116,"column":78}},"40":{"start":{"line":120,"column":4},"end":{"line":120,"column":74}},"41":{"start":{"line":84,"column":0},"end":{"line":84,"column":13}}},"fnMap":{"0":{"name":"(anonymous_0)","decl":{"start":{"line":14,"column":2},"end":{"line":14,"column":null}},"loc":{"start":{"line":17,"column":31},"end":{"line":18,"column":6}}},"1":{"name":"(anonymous_1)","decl":{"start":{"line":20,"column":2},"end":{"line":20,"column":8}},"loc":{"start":{"line":20,"column":40},"end":{"line":22,"column":3}}},"2":{"name":"(anonymous_2)","decl":{"start":{"line":24,"column":2},"end":{"line":24,"column":8}},"loc":{"start":{"line":24,"column":42},"end":{"line":26,"column":3}}},"3":{"name":"(anonymous_3)","decl":{"start":{"line":28,"column":2},"end":{"line":28,"column":6}},"loc":{"start":{"line":28,"column":15},"end":{"line":30,"column":3}}},"4":{"name":"(anonymous_4)","decl":{"start":{"line":32,"column":2},"end":{"line":32,"column":6}},"loc":{"start":{"line":32,"column":15},"end":{"line":34,"column":3}}},"5":{"name":"(anonymous_5)","decl":{"start":{"line":37,"column":2},"end":{"line":37,"column":6}},"loc":{"start":{"line":37,"column":11},"end":{"line":44,"column":3}}},"6":{"name":"(anonymous_6)","decl":{"start":{"line":46,"column":2},"end":{"line":46,"column":6}},"loc":{"start":{"line":46,"column":11},"end":{"line":51,"column":3}}},"7":{"name":"(anonymous_7)","decl":{"start":{"line":54,"column":2},"end":{"line":54,"column":5}},"loc":{"start":{"line":54,"column":28},"end":{"line":57,"column":3}}},"8":{"name":"(anonymous_8)","decl":{"start":{"line":60,"column":2},"end":{"line":60,"column":7}},"loc":{"start":{"line":61,"column":43},"end":{"line":65,"column":3}}},"9":{"name":"(anonymous_9)","decl":{"start":{"line":68,"column":2},"end":{"line":68,"column":13}},"loc":{"start":{"line":68,"column":47},"end":{"line":71,"column":3}}},"10":{"name":"(anonymous_10)","decl":{"start":{"line":74,"column":0},"end":{"line":74,"column":12}},"loc":{"start":{"line":74,"column":27},"end":{"line":82,"column":1}}},"11":{"name":"(anonymous_11)","decl":{"start":{"line":85,"column":2},"end":{"line":85,"column":null}},"loc":{"start":{"line":88,"column":53},"end":{"line":89,"column":6}}},"12":{"name":"(anonymous_12)","decl":{"start":{"line":91,"column":2},"end":{"line":91,"column":8}},"loc":{"start":{"line":91,"column":70},"end":{"line":93,"column":3}}},"13":{"name":"(anonymous_13)","decl":{"start":{"line":95,"column":2},"end":{"line":95,"column":8}},"loc":{"start":{"line":95,"column":33},"end":{"line":97,"column":3}}},"14":{"name":"(anonymous_14)","decl":{"start":{"line":99,"column":2},"end":{"line":99,"column":8}},"loc":{"start":{"line":99,"column":42},"end":{"line":101,"column":3}}},"15":{"name":"(anonymous_15)","decl":{"start":{"line":103,"column":2},"end":{"line":103,"column":8}},"loc":{"start":{"line":103,"column":75},"end":{"line":109,"column":3}}},"16":{"name":"(anonymous_16)","decl":{"start":{"line":111,"column":2},"end":{"line":111,"column":8}},"loc":{"start":{"line":111,"column":44},"end":{"line":113,"column":3}}},"17":{"name":"(anonymous_17)","decl":{"start":{"line":115,"column":2},"end":{"line":115,"column":8}},"loc":{"start":{"line":115,"column":47},"end":{"line":117,"column":3}}},"18":{"name":"(anonymous_18)","decl":{"start":{"line":119,"column":2},"end":{"line":119,"column":8}},"loc":{"start":{"line":119,"column":39},"end":{"line":121,"column":3}}}},"branchMap":{"0":{"loc":{"start":{"line":38,"column":4},"end":{"line":42,"column":5}},"type":"if","locations":[{"start":{"line":38,"column":4},"end":{"line":42,"column":5}}]},"1":{"loc":{"start":{"line":47,"column":4},"end":{"line":49,"column":5}},"type":"if","locations":[{"start":{"line":47,"column":4},"end":{"line":49,"column":5}}]},"2":{"loc":{"start":{"line":55,"column":4},"end":{"line":55,"column":67}},"type":"if","locations":[{"start":{"line":55,"column":4},"end":{"line":55,"column":67}}]},"3":{"loc":{"start":{"line":63,"column":4},"end":{"line":63,"column":67}},"type":"if","locations":[{"start":{"line":63,"column":4},"end":{"line":63,"column":67}}]},"4":{"loc":{"start":{"line":69,"column":4},"end":{"line":69,"column":67}},"type":"if","locations":[{"start":{"line":69,"column":4},"end":{"line":69,"column":67}}]},"5":{"loc":{"start":{"line":74,"column":12},"end":{"line":74,"column":null}},"type":"binary-expr","locations":[{"start":{"line":74,"column":12},"end":{"line":74,"column":27}},{"start":{"line":74,"column":27},"end":{"line":74,"column":null}}]}},"s":{"0":143,"1":143,"2":143,"3":88,"4":55,"5":25,"6":77,"7":91,"8":1,"9":90,"10":54,"11":1,"12":53,"13":2,"14":1,"15":1,"16":2,"17":1,"18":1,"19":2,"20":1,"21":1,"22":7,"23":7,"24":7,"25":7,"26":7,"27":7,"28":7,"29":7,"30":7,"31":55,"32":55,"33":55,"34":32,"35":6,"36":5,"37":2,"38":3,"39":5,"40":2,"41":7},"f":{"0":143,"1":88,"2":55,"3":25,"4":77,"5":91,"6":54,"7":2,"8":2,"9":2,"10":7,"11":55,"12":32,"13":6,"14":5,"15":2,"16":3,"17":5,"18":2},"b":{"0":[1],"1":[1],"2":[1],"3":[1],"4":[1],"5":[7,7]}}
,"C:\\Users\\johan\\OneDrive\\Documentos\\product-checkout-service\\backend\\src\\infrastructure\\payment\\gateway\\payment-gateway.utils.ts": {"path":"C:\\Users\\johan\\OneDrive\\Documentos\\product-checkout-service\\backend\\src\\infrastructure\\payment\\gateway\\payment-gateway.utils.ts","statementMap":{"0":{"start":{"line":7,"column":0},"end":{"line":7,"column":16}},"1":{"start":{"line":18,"column":0},"end":{"line":18,"column":16}},"2":{"start":{"line":1,"column":0},"end":{"line":1,"column":33}},"3":{"start":{"line":13,"column":23},"end":{"line":13,"column":110}},"4":{"start":{"line":14,"column":2},"end":{"line":14,"column":72}},"5":{"start":{"line":19,"column":17},"end":{"line":19,"column":46}},"6":{"start":{"line":20,"column":2},"end":{"line":20,"column":39}},"7":{"start":{"line":20,"column":25},"end":{"line":20,"column":39}},"8":{"start":{"line":21,"column":2},"end":{"line":21,"column":80}},"9":{"start":{"line":21,"column":60},"end":{"line":21,"column":80}},"10":{"start":{"line":22,"column":2},"end":{"line":22,"column":19}}},"fnMap":{"0":{"name":"buildIntegritySignature","decl":{"start":{"line":7,"column":16},"end":{"line":7,"column":39}},"loc":{"start":{"line":12,"column":1},"end":{"line":15,"column":1}}},"1":{"name":"detectCardBrand","decl":{"start":{"line":18,"column":16},"end":{"line":18,"column":31}},"loc":{"start":{"line":18,"column":50},"end":{"line":23,"column":1}}}},"branchMap":{"0":{"loc":{"start":{"line":20,"column":2},"end":{"line":20,"column":39}},"type":"if","locations":[{"start":{"line":20,"column":2},"end":{"line":20,"column":39}}]},"1":{"loc":{"start":{"line":21,"column":2},"end":{"line":21,"column":80}},"type":"if","locations":[{"start":{"line":21,"column":2},"end":{"line":21,"column":80}}]}},"s":{"0":1,"1":1,"2":1,"3":3,"4":3,"5":3,"6":3,"7":1,"8":2,"9":1,"10":1},"f":{"0":3,"1":3},"b":{"0":[1],"1":[1]}}
}
