TN:
SF:src\application\use-cases\confirm-payment.use-case.ts
FN:25,(anonymous_4)
FN:33,(anonymous_5)
FN:120,(anonymous_6)
FNF:3
FNH:3
FNDA:9,(anonymous_4)
FNDA:9,(anonymous_5)
FNDA:2,(anonymous_6)
DA:1,1
DA:2,1
DA:3,1
DA:4,1
DA:12,1
DA:24,1
DA:27,9
DA:28,9
DA:29,9
DA:30,9
DA:35,9
DA:36,9
DA:37,1
DA:41,8
DA:43,1
DA:50,7
DA:51,7
DA:52,1
DA:58,6
DA:59,6
DA:60,1
DA:64,5
DA:72,5
DA:73,1
DA:75,4
DA:79,4
DA:83,4
DA:88,4
DA:89,0
DA:91,4
DA:92,4
DA:95,4
DA:96,3
DA:97,3
DA:98,1
DA:102,2
DA:103,2
DA:108,1
DA:114,1
DA:117,2
DA:124,2
DA:129,2
DA:130,2
DA:132,2
LF:44
LH:43
BRDA:36,0,0,1
BRDA:41,1,0,1
BRDA:51,2,0,1
BRDA:59,3,0,1
BRDA:72,4,0,1
BRDA:79,5,0,3
BRDA:79,5,1,1
BRDA:88,6,0,0
BRDA:95,7,0,3
BRDA:97,8,0,1
BRDA:103,9,0,1
BRDA:129,10,0,2
BRF:12
BRH:11
end_of_record
TN:
SF:src\application\use-cases\create-transaction.use-case.ts
FN:47,(anonymous_4)
FN:55,(anonymous_5)
FNF:2
FNH:2
FNDA:5,(anonymous_4)
FNDA:5,(anonymous_5)
DA:1,1
DA:2,1
DA:3,1
DA:4,1
DA:5,1
DA:6,1
DA:7,1
DA:19,1
DA:46,1
DA:48,5
DA:49,5
DA:50,5
DA:52,5
DA:60,5
DA:61,5
DA:62,1
DA:64,4
DA:65,1
DA:73,3
DA:77,3
DA:78,1
DA:80,2
DA:83,2
DA:92,2
DA:93,0
DA:95,2
DA:98,2
DA:104,2
DA:105,1
DA:107,1
DA:111,1
DA:112,1
DA:113,1
DA:115,1
LF:34
LH:33
BRDA:61,0,0,1
BRDA:64,1,0,1
BRDA:77,2,0,1
BRDA:92,3,0,0
BRDA:104,4,0,1
BRF:5
BRH:4
end_of_record
TN:
SF:src\domain\entities\customer.entity.ts
FN:14,(anonymous_0)
FN:16,(anonymous_1)
FN:34,(anonymous_2)
FN:37,(anonymous_3)
FN:40,(anonymous_4)
FN:43,(anonymous_5)
FN:46,(anonymous_6)
FN:50,(anonymous_7)
FNF:8
FNH:8
FNDA:5,(anonymous_0)
FNDA:14,(anonymous_1)
FNDA:3,(anonymous_2)
FNDA:2,(anonymous_3)
FNDA:1,(anonymous_4)
FNDA:1,(anonymous_5)
FNDA:1,(anonymous_6)
FNDA:1,(anonymous_7)
DA:1,2
DA:11,2
DA:13,2
DA:14,5
DA:17,14
DA:18,2
DA:22,12
DA:23,3
DA:25,9
DA:26,2
DA:28,7
DA:29,2
DA:31,5
DA:35,3
DA:38,2
DA:41,1
DA:44,1
DA:47,1
DA:51,1
LF:19
LH:19
BRDA:17,0,0,2
BRDA:17,1,0,14
BRDA:17,1,1,13
BRDA:22,2,0,3
BRDA:25,3,0,2
BRDA:25,4,0,9
BRDA:25,4,1,8
BRDA:28,5,0,2
BRDA:28,6,0,7
BRDA:28,6,1,6
BRF:10
BRH:10
end_of_record
TN:
SF:src\domain\entities\delivery.entity.ts
FN:14,(anonymous_0)
FN:16,(anonymous_1)
FN:32,(anonymous_2)
FN:35,(anonymous_3)
FN:38,(anonymous_4)
FN:41,(anonymous_5)
FN:44,(anonymous_6)
FN:47,(anonymous_7)
FN:50,(anonymous_8)
FN:54,(anonymous_9)
FNF:10
FNH:10
FNDA:5,(anonymous_0)
FNDA:13,(anonymous_1)
FNDA:1,(anonymous_2)
FNDA:1,(anonymous_3)
FNDA:1,(anonymous_4)
FNDA:2,(anonymous_5)
FNDA:1,(anonymous_6)
FNDA:2,(anonymous_7)
FNDA:2,(anonymous_8)
FNDA:1,(anonymous_9)
DA:1,2
DA:13,2
DA:14,5
DA:17,13
DA:18,2
DA:20,11
DA:21,3
DA:23,8
DA:24,2
DA:26,6
DA:27,1
DA:29,5
DA:33,1
DA:36,1
DA:39,1
DA:42,2
DA:45,1
DA:48,2
DA:51,2
DA:55,1
LF:20
LH:20
BRDA:17,0,0,2
BRDA:17,1,0,13
BRDA:17,1,1,12
BRDA:20,2,0,3
BRDA:20,3,0,11
BRDA:20,3,1,9
BRDA:23,4,0,2
BRDA:23,5,0,8
BRDA:23,5,1,7
BRDA:26,6,0,1
BRF:10
BRH:10
end_of_record
TN:
SF:src\domain\entities\product.entity.ts
FN:17,(anonymous_0)
FN:19,(anonymous_1)
FN:34,(anonymous_2)
FN:38,(anonymous_3)
FN:42,(anonymous_4)
FN:46,(anonymous_5)
FN:50,(anonymous_6)
FN:54,(anonymous_7)
FN:58,(anonymous_8)
FN:63,(anonymous_9)
FN:77,(anonymous_10)
FNF:11
FNH:11
FNDA:21,(anonymous_0)
FNDA:26,(anonymous_1)
FNDA:3,(anonymous_2)
FNDA:1,(anonymous_3)
FNDA:1,(anonymous_4)
FNDA:3,(anonymous_5)
FNDA:6,(anonymous_6)
FNDA:2,(anonymous_7)
FNDA:12,(anonymous_8)
FNDA:7,(anonymous_9)
FNDA:1,(anonymous_10)
DA:1,3
DA:16,3
DA:17,21
DA:20,26
DA:21,2
DA:23,24
DA:24,2
DA:28,22
DA:29,1
DA:31,21
DA:35,3
DA:39,1
DA:43,1
DA:47,3
DA:51,6
DA:55,2
DA:59,12
DA:64,7
DA:65,2
DA:67,5
DA:68,2
DA:74,3
DA:78,1
LF:23
LH:23
BRDA:20,0,0,2
BRDA:20,1,0,26
BRDA:20,1,1,25
BRDA:23,2,0,2
BRDA:28,3,0,1
BRDA:64,4,0,2
BRDA:67,5,0,2
BRF:7
BRH:7
end_of_record
TN:
SF:src\domain\entities\transaction.entity.ts
FN:3,(anonymous_0)
FN:39,(anonymous_1)
FN:41,(anonymous_2)
FN:64,(anonymous_3)
FN:68,(anonymous_4)
FN:71,(anonymous_5)
FN:74,(anonymous_6)
FN:77,(anonymous_7)
FN:80,(anonymous_8)
FN:83,(anonymous_9)
FN:87,(anonymous_10)
FN:101,(anonymous_11)
FN:130,(anonymous_12)
FN:134,(anonymous_13)
FNF:14
FNH:14
FNDA:3,(anonymous_0)
FNDA:38,(anonymous_1)
FNDA:28,(anonymous_2)
FNDA:1,(anonymous_3)
FNDA:9,(anonymous_4)
FNDA:7,(anonymous_5)
FNDA:9,(anonymous_6)
FNDA:3,(anonymous_7)
FNDA:19,(anonymous_8)
FNDA:3,(anonymous_9)
FNDA:6,(anonymous_10)
FNDA:17,(anonymous_11)
FNDA:7,(anonymous_12)
FNDA:1,(anonymous_13)
DA:1,3
DA:3,3
DA:4,3
DA:5,3
DA:6,3
DA:7,3
DA:27,3
DA:38,3
DA:39,38
DA:44,28
DA:45,2
DA:47,26
DA:48,1
DA:50,25
DA:51,2
DA:53,23
DA:54,23
DA:65,1
DA:69,9
DA:72,7
DA:75,9
DA:78,3
DA:81,19
DA:84,3
DA:88,6
DA:106,17
DA:107,1
DA:111,16
DA:112,16
DA:113,2
DA:119,14
DA:131,7
DA:135,1
LF:33
LH:33
BRDA:3,0,0,3
BRDA:3,0,1,3
BRDA:44,1,0,2
BRDA:47,2,0,1
BRDA:50,3,0,2
BRDA:50,4,0,25
BRDA:50,4,1,24
BRDA:106,5,0,1
BRDA:112,6,0,2
BRF:9
BRH:9
end_of_record
TN:
SF:src\domain\ports\payment-gateway.port.ts
FNF:0
FNH:0
DA:3,1
LF:1
LH:1
BRF:0
BRH:0
end_of_record
TN:
SF:src\domain\ports\repositories.port.ts
FNF:0
FNH:0
DA:6,2
DA:7,2
DA:8,2
DA:9,2
LF:4
LH:4
BRF:0
BRH:0
end_of_record
TN:
SF:src\domain\shared\result.ts
FN:14,(anonymous_0)
FN:20,(anonymous_1)
FN:24,(anonymous_2)
FN:28,(anonymous_3)
FN:32,(anonymous_4)
FN:37,(anonymous_5)
FN:46,(anonymous_6)
FN:54,(anonymous_7)
FN:60,(anonymous_8)
FN:68,(anonymous_9)
FN:74,(anonymous_10)
FN:85,(anonymous_11)
FN:91,(anonymous_12)
FN:95,(anonymous_13)
FN:99,(anonymous_14)
FN:103,(anonymous_15)
FN:111,(anonymous_16)
FN:115,(anonymous_17)
FN:119,(anonymous_18)
FNF:19
FNH:19
FNDA:143,(anonymous_0)
FNDA:88,(anonymous_1)
FNDA:55,(anonymous_2)
FNDA:25,(anonymous_3)
FNDA:77,(anonymous_4)
FNDA:91,(anonymous_5)
FNDA:54,(anonymous_6)
FNDA:2,(anonymous_7)
FNDA:2,(anonymous_8)
FNDA:2,(anonymous_9)
FNDA:7,(anonymous_10)
FNDA:55,(anonymous_11)
FNDA:32,(anonymous_12)
FNDA:6,(anonymous_13)
FNDA:5,(anonymous_14)
FNDA:2,(anonymous_15)
FNDA:3,(anonymous_16)
FNDA:5,(anonymous_17)
FNDA:2,(anonymous_18)
DA:13,7
DA:15,143
DA:16,143
DA:17,143
DA:21,88
DA:25,55
DA:29,25
DA:33,77
DA:38,91
DA:39,1
DA:43,90
DA:47,54
DA:48,1
DA:50,53
DA:55,2
DA:56,1
DA:63,2
DA:64,1
DA:69,2
DA:70,1
DA:74,7
DA:75,7
DA:76,7
DA:77,7
DA:78,7
DA:79,7
DA:80,7
DA:81,7
DA:84,7
DA:86,55
DA:87,55
DA:88,55
DA:92,32
DA:96,6
DA:100,5
DA:104,2
DA:112,3
DA:116,5
DA:120,2
LF:39
LH:39
BRDA:38,0,0,1
BRDA:47,1,0,1
BRDA:55,2,0,1
BRDA:63,3,0,1
BRDA:69,4,0,1
BRDA:74,5,0,7
BRDA:74,5,1,7
BRF:7
BRH:7
end_of_record
TN:
SF:src\infrastructure\payment\gateway\payment-gateway.utils.ts
FN:7,buildIntegritySignature
FN:18,detectCardBrand
FNF:2
FNH:2
FNDA:3,buildIntegritySignature
FNDA:3,detectCardBrand
DA:1,1
DA:7,1
DA:13,3
DA:14,3
DA:18,1
DA:19,3
DA:20,3
DA:21,2
DA:22,1
LF:9
LH:9
BRDA:20,0,0,1
BRDA:21,1,0,1
BRF:2
BRH:2
end_of_record
